[2.732s] Invoking command in '/home/syswonder/.robonix/packages/edge-tts-rbnx/build/edge_tts_rbnx': PYTHONPATH=/home/syswonder/.robonix/packages/edge-tts-rbnx/build/edge_tts_rbnx/prefix_override:/usr/lib/python3/dist-packages/colcon_core/task/python/colcon_distutils_commands:/home/syswonder/.robonix/packages/edge-tts-rbnx/install/edge_tts_rbnx/lib/python3.10/site-packages:${PYTHONPATH} /usr/bin/python3 -W ignore:setup.py install is deprecated -W ignore:easy_install command is deprecated setup.py develop --editable --build-directory /home/syswonder/.robonix/packages/edge-tts-rbnx/build/edge_tts_rbnx/build --no-deps symlink_data
[3.833s] running develop
[4.780s] running egg_info
[4.851s] creating edge_tts_rbnx.egg-info
[4.858s] writing edge_tts_rbnx.egg-info/PKG-INFO
[4.858s] writing dependency_links to edge_tts_rbnx.egg-info/dependency_links.txt
[4.858s] writing entry points to edge_tts_rbnx.egg-info/entry_points.txt
[4.858s] writing requirements to edge_tts_rbnx.egg-info/requires.txt
[4.858s] writing top-level names to edge_tts_rbnx.egg-info/top_level.txt
[4.859s] writing manifest file 'edge_tts_rbnx.egg-info/SOURCES.txt'
[4.992s] reading manifest file 'edge_tts_rbnx.egg-info/SOURCES.txt'
[4.994s] writing manifest file 'edge_tts_rbnx.egg-info/SOURCES.txt'
[5.168s] running build_ext
[5.169s] Creating /home/syswonder/.robonix/packages/edge-tts-rbnx/install/edge_tts_rbnx/lib/python3.10/site-packages/edge-tts-rbnx.egg-link (link to .)
[5.174s] Installing edge_tts_rbnx_node script to /home/syswonder/.robonix/packages/edge-tts-rbnx/install/edge_tts_rbnx/bin
[5.174s] 
[5.174s] Installed /home/syswonder/.robonix/packages/edge-tts-rbnx/build/edge_tts_rbnx
[5.175s] running symlink_data
[5.175s] creating /home/syswonder/.robonix/packages/edge-tts-rbnx/install/edge_tts_rbnx/share/ament_index/resource_index/packages
[5.175s] symbolically linking /home/syswonder/.robonix/packages/edge-tts-rbnx/build/edge_tts_rbnx/resource/edge_tts_rbnx -> /home/syswonder/.robonix/packages/edge-tts-rbnx/install/edge_tts_rbnx/share/ament_index/resource_index/packages
[5.175s] symbolically linking /home/syswonder/.robonix/packages/edge-tts-rbnx/build/edge_tts_rbnx/package.xml -> /home/syswonder/.robonix/packages/edge-tts-rbnx/install/edge_tts_rbnx/share/edge_tts_rbnx
[5.307s] Invoked command in '/home/syswonder/.robonix/packages/edge-tts-rbnx/build/edge_tts_rbnx' returned '0': PYTHONPATH=/home/syswonder/.robonix/packages/edge-tts-rbnx/build/edge_tts_rbnx/prefix_override:/usr/lib/python3/dist-packages/colcon_core/task/python/colcon_distutils_commands:/home/syswonder/.robonix/packages/edge-tts-rbnx/install/edge_tts_rbnx/lib/python3.10/site-packages:${PYTHONPATH} /usr/bin/python3 -W ignore:setup.py install is deprecated -W ignore:easy_install command is deprecated setup.py develop --editable --build-directory /home/syswonder/.robonix/packages/edge-tts-rbnx/build/edge_tts_rbnx/build --no-deps symlink_data
